2024-02-28 19:02:27,799 [Worker-3: Loading available Gradle versions] INFO  o.e.b.c.i.u.g.PublishedGradleVersions - Gradle version information cache is up-to-date. Trying to read.
2024-02-28 19:02:51,787 [Worker-1: Importing Maven projects] INFO  o.e.m.c.i.l.LifecycleMappingFactory - Using org.eclipse.m2e.jdt.JarLifecycleMapping lifecycle mapping for MavenProject: br.com.springboot:springboot-api:0.0.1-SNAPSHOT @ C:\Estudo\Spring-boot-crud-api\pom.xml.
2024-02-28 19:02:54,369 [Worker-1: Importing Maven projects] INFO  o.e.m.j.i.AbstractJavaProjectConfigurator - Adding source folder /Spring-boot-crud-api/src/main/java
2024-02-28 19:02:54,370 [Worker-1: Importing Maven projects] INFO  o.e.m.j.i.AbstractJavaProjectConfigurator - Adding resource folder /Spring-boot-crud-api/src/main/resources
2024-02-28 19:02:54,377 [Worker-1: Importing Maven projects] INFO  o.e.m.j.i.AbstractJavaProjectConfigurator - Adding source folder /Spring-boot-crud-api/src/test/java
2024-02-28 19:02:54,378 [Worker-1: Importing Maven projects] INFO  o.e.m.j.i.AbstractJavaProjectConfigurator - Adding resource folder /Spring-boot-crud-api/src/test/resources
2024-02-28 19:02:54,911 [Worker-1: Importing Maven projects] INFO  o.e.m.c.i.p.ProjectConfigurationManager - Imported and configured 1 project(s) in 8 sec
2024-02-28 19:02:58,259 [Worker-4: Building] INFO  o.a.m.s.f.DefaultMavenResourcesFiltering - Copying 1 resource from src\main\resources to target\classes
2024-02-28 19:02:58,278 [Worker-4: Building] INFO  o.a.m.s.f.DefaultMavenResourcesFiltering - skip non existing resourceDirectory C:\Estudo\Spring-boot-crud-api\src\test\resources
2024-02-29 15:25:11,512 [Worker-66: Building] INFO  o.a.m.s.f.DefaultMavenResourcesFiltering - Copying 1 resource from src\main\resources to target\classes
2024-02-29 15:25:11,540 [Worker-66: Building] INFO  o.a.m.s.f.DefaultMavenResourcesFiltering - skip non existing resourceDirectory C:\Estudo\Spring-boot-crud-api\src\test\resources
2024-02-29 15:27:46,608 [Worker-71: Building] INFO  o.a.m.s.f.DefaultMavenResourcesFiltering - Copying 1 resource from src\main\resources to target\classes
2024-02-29 15:27:46,627 [Worker-71: Building] INFO  o.a.m.s.f.DefaultMavenResourcesFiltering - skip non existing resourceDirectory C:\Estudo\Spring-boot-crud-api\src\test\resources
2024-02-29 15:32:03,748 [Worker-76: Building] INFO  o.a.m.s.f.DefaultMavenResourcesFiltering - Copying 1 resource from src\main\resources to target\classes
2024-02-29 15:32:03,755 [Worker-76: Building] INFO  o.a.m.s.f.DefaultMavenResourcesFiltering - skip non existing resourceDirectory C:\Estudo\Spring-boot-crud-api\src\test\resources
2024-02-29 15:38:37,195 [Worker-80: Building] INFO  o.a.m.s.f.DefaultMavenResourcesFiltering - Copying 1 resource from src\main\resources to target\classes
2024-02-29 15:38:37,204 [Worker-80: Building] INFO  o.a.m.s.f.DefaultMavenResourcesFiltering - skip non existing resourceDirectory C:\Estudo\Spring-boot-crud-api\src\test\resources
2024-02-29 15:53:23,116 [Worker-83: Building] INFO  o.a.m.s.f.DefaultMavenResourcesFiltering - Copying 1 resource from src\main\resources to target\classes
2024-02-29 15:53:23,121 [Worker-83: Building] INFO  o.a.m.s.f.DefaultMavenResourcesFiltering - skip non existing resourceDirectory C:\Estudo\Spring-boot-crud-api\src\test\resources
2024-02-29 15:53:36,452 [Worker-85: Launching Application] INFO  o.a.m.s.f.DefaultMavenResourcesFiltering - Copying 1 resource from src\main\resources to target\classes
2024-02-29 15:53:36,457 [Worker-85: Launching Application] INFO  o.a.m.s.f.DefaultMavenResourcesFiltering - skip non existing resourceDirectory C:\Estudo\Spring-boot-crud-api\src\test\resources
2024-02-29 16:23:24,376 [Worker-90: Building] INFO  o.a.m.s.f.DefaultMavenResourcesFiltering - Copying 1 resource from src\main\resources to target\classes
2024-02-29 16:23:24,389 [Worker-90: Building] INFO  o.a.m.s.f.DefaultMavenResourcesFiltering - skip non existing resourceDirectory C:\Estudo\Spring-boot-crud-api\src\test\resources
2024-02-29 16:52:04,880 [Worker-97: Building] INFO  o.a.m.s.f.DefaultMavenResourcesFiltering - Copying 1 resource from src\main\resources to target\classes
2024-02-29 16:52:04,887 [Worker-97: Building] INFO  o.a.m.s.f.DefaultMavenResourcesFiltering - skip non existing resourceDirectory C:\Estudo\Spring-boot-crud-api\src\test\resources
2024-02-29 17:13:08,120 [Worker-105: Building] INFO  o.a.m.s.f.DefaultMavenResourcesFiltering - Copying 1 resource from src\main\resources to target\classes
2024-02-29 17:13:08,126 [Worker-105: Building] INFO  o.a.m.s.f.DefaultMavenResourcesFiltering - skip non existing resourceDirectory C:\Estudo\Spring-boot-crud-api\src\test\resources
2024-03-04 16:56:29,419 [Worker-2: Loading available Gradle versions] INFO  o.e.b.c.i.u.g.PublishedGradleVersions - Gradle version information cache is out-of-date. Trying to update.
2024-03-04 16:56:49,414 [Worker-6: Building] INFO  o.a.m.s.f.DefaultMavenResourcesFiltering - Copying 1 resource from src\main\resources to target\classes
2024-03-04 16:56:49,437 [Worker-6: Building] INFO  o.a.m.s.f.DefaultMavenResourcesFiltering - skip non existing resourceDirectory C:\Estudo\Spring-boot-crud-api\src\test\resources
2024-03-04 17:10:56,796 [Worker-12: Building] INFO  o.a.m.s.f.DefaultMavenResourcesFiltering - Copying 1 resource from src\main\resources to target\classes
2024-03-04 17:10:56,830 [Worker-12: Building] INFO  o.a.m.s.f.DefaultMavenResourcesFiltering - skip non existing resourceDirectory C:\Estudo\Spring-boot-crud-api\src\test\resources
2024-03-04 17:20:32,554 [Worker-12: Building] INFO  o.a.m.s.f.DefaultMavenResourcesFiltering - Copying 1 resource from src\main\resources to target\classes
2024-03-04 17:20:32,561 [Worker-12: Building] INFO  o.a.m.s.f.DefaultMavenResourcesFiltering - skip non existing resourceDirectory C:\Estudo\Spring-boot-crud-api\src\test\resources
2024-03-04 17:42:22,991 [Worker-22: Building] INFO  o.a.m.s.f.DefaultMavenResourcesFiltering - Copying 1 resource from src\main\resources to target\classes
2024-03-04 17:42:23,000 [Worker-22: Building] INFO  o.a.m.s.f.DefaultMavenResourcesFiltering - skip non existing resourceDirectory C:\Estudo\Spring-boot-crud-api\src\test\resources
2024-03-04 17:43:28,258 [Worker-24: Building] INFO  o.a.m.s.f.DefaultMavenResourcesFiltering - Copying 1 resource from src\main\resources to target\classes
2024-03-04 17:43:28,265 [Worker-24: Building] INFO  o.a.m.s.f.DefaultMavenResourcesFiltering - skip non existing resourceDirectory C:\Estudo\Spring-boot-crud-api\src\test\resources
2024-03-05 15:26:29,299 [Worker-64: Creating project "TesteUnit"] INFO  o.e.m.c.i.l.LifecycleMappingFactory - Using org.eclipse.m2e.jdt.JarLifecycleMapping lifecycle mapping for MavenProject: Teste:TesteUnit:0.0.1-SNAPSHOT @ C:\Estudo\TesteUnit\pom.xml.
2024-03-05 15:26:30,708 [Worker-64: Creating project "TesteUnit"] INFO  o.e.m.j.i.AbstractJavaProjectConfigurator - Adding source folder /TesteUnit/src/main/java
2024-03-05 15:26:30,709 [Worker-64: Creating project "TesteUnit"] INFO  o.e.m.j.i.AbstractJavaProjectConfigurator - Adding resource folder /TesteUnit/src/main/resources
2024-03-05 15:26:30,710 [Worker-64: Creating project "TesteUnit"] INFO  o.e.m.j.i.AbstractJavaProjectConfigurator - Adding source folder /TesteUnit/src/test/java
2024-03-05 15:26:30,711 [Worker-64: Creating project "TesteUnit"] INFO  o.e.m.j.i.AbstractJavaProjectConfigurator - Adding resource folder /TesteUnit/src/test/resources
2024-03-05 15:26:31,134 [Worker-61: Building] WARN  o.a.m.s.f.DefaultMavenResourcesFiltering - Using platform encoding (Cp1252 actually) to copy filtered resources, i.e. build is platform dependent!
2024-03-05 15:26:31,153 [Worker-61: Building] INFO  o.a.m.s.f.DefaultMavenResourcesFiltering - Copying 0 resource from src\main\resources to target\classes
2024-03-05 15:26:31,162 [Worker-61: Building] WARN  o.a.m.s.f.DefaultMavenResourcesFiltering - Using platform encoding (Cp1252 actually) to copy filtered resources, i.e. build is platform dependent!
2024-03-05 15:26:31,166 [Worker-61: Building] INFO  o.a.m.s.f.DefaultMavenResourcesFiltering - Copying 0 resource from src\test\resources to target\test-classes
2024-03-11 09:48:50,002 [Worker-1: Loading available Gradle versions] INFO  o.e.b.c.i.u.g.PublishedGradleVersions - Gradle version information cache is out-of-date. Trying to update.
2024-03-11 10:00:25,376 [Worker-15: Building] INFO  o.a.m.s.f.DefaultMavenResourcesFiltering - Copying 1 resource from src\main\resources to target\classes
2024-03-11 10:00:25,432 [Worker-15: Building] INFO  o.a.m.s.f.DefaultMavenResourcesFiltering - skip non existing resourceDirectory C:\Estudo\Spring-boot-crud-api\src\test\resources
2024-03-11 10:04:56,960 [Worker-4: Building] INFO  o.a.m.s.f.DefaultMavenResourcesFiltering - Copying 1 resource from src\main\resources to target\classes
2024-03-11 10:04:56,968 [Worker-4: Building] INFO  o.a.m.s.f.DefaultMavenResourcesFiltering - skip non existing resourceDirectory C:\Estudo\Spring-boot-crud-api\src\test\resources
2024-03-11 10:16:50,003 [Worker-19: Building] INFO  o.a.m.s.f.DefaultMavenResourcesFiltering - Copying 1 resource from src\main\resources to target\classes
2024-03-11 10:16:50,046 [Worker-19: Building] INFO  o.a.m.s.f.DefaultMavenResourcesFiltering - skip non existing resourceDirectory C:\Estudo\Spring-boot-crud-api\src\test\resources
2024-03-11 10:18:35,825 [Worker-19: Building] INFO  o.a.m.s.f.DefaultMavenResourcesFiltering - Copying 1 resource from src\main\resources to target\classes
2024-03-11 10:18:35,834 [Worker-19: Building] INFO  o.a.m.s.f.DefaultMavenResourcesFiltering - skip non existing resourceDirectory C:\Estudo\Spring-boot-crud-api\src\test\resources
2024-03-11 10:54:12,466 [Worker-31: Building] INFO  o.a.m.s.f.DefaultMavenResourcesFiltering - Copying 0 resource from src\main\resources to target\classes
2024-03-11 10:54:12,488 [Worker-31: Building] INFO  o.a.m.s.f.DefaultMavenResourcesFiltering - skip non existing resourceDirectory C:\Estudo\Spring-boot-crud-api\src\test\resources
2024-03-11 11:05:05,579 [Worker-34: Building] INFO  o.a.m.s.f.DefaultMavenResourcesFiltering - Copying 0 resource from src\main\resources to target\classes
2024-03-11 11:05:05,585 [Worker-34: Building] INFO  o.a.m.s.f.DefaultMavenResourcesFiltering - skip non existing resourceDirectory C:\Estudo\Spring-boot-crud-api\src\test\resources
2024-03-15 16:18:00,863 [Worker-3: Loading available Gradle versions] INFO  o.e.b.c.i.u.g.PublishedGradleVersions - Gradle version information cache is out-of-date. Trying to update.
2024-03-15 16:18:46,918 [Worker-3: Building] INFO  o.a.m.s.f.DefaultMavenResourcesFiltering - Copying 1 resource from src\main\resources to target\classes
2024-03-15 16:18:46,949 [Worker-3: Building] INFO  o.a.m.s.f.DefaultMavenResourcesFiltering - skip non existing resourceDirectory C:\Estudo\Spring-boot-crud-api\src\test\resources
2024-04-03 16:24:50,197 [Worker-1: Loading available Gradle versions] INFO  o.e.b.c.i.u.g.PublishedGradleVersions - Gradle version information cache is up-to-date. Trying to read.
2024-04-03 17:03:12,769 [Worker-9: Launching Application] INFO  o.a.m.s.f.DefaultMavenResourcesFiltering - Copying 1 resource from src\main\resources to target\classes
2024-04-03 17:03:12,794 [Worker-9: Launching Application] INFO  o.a.m.s.f.DefaultMavenResourcesFiltering - skip non existing resourceDirectory C:\Estudo\Spring-boot-crud-api\src\test\resources
2024-04-03 17:08:15,605 [Worker-21: Building] INFO  o.a.m.s.f.DefaultMavenResourcesFiltering - Copying 1 resource from src\main\resources to target\classes
2024-04-03 17:08:15,662 [Worker-21: Building] INFO  o.a.m.s.f.DefaultMavenResourcesFiltering - skip non existing resourceDirectory C:\Estudo\Spring-boot-crud-api\src\test\resources
2024-04-03 17:09:24,363 [Worker-22: Building] INFO  o.a.m.s.f.DefaultMavenResourcesFiltering - Copying 1 resource from src\main\resources to target\classes
2024-04-03 17:09:24,372 [Worker-22: Building] INFO  o.a.m.s.f.DefaultMavenResourcesFiltering - skip non existing resourceDirectory C:\Estudo\Spring-boot-crud-api\src\test\resources
2024-04-03 17:20:54,833 [Worker-30: Building] INFO  o.e.m.c.i.l.LifecycleMappingFactory - Using org.eclipse.m2e.jdt.JarLifecycleMapping lifecycle mapping for MavenProject: br.com.springboot:springboot-api:0.0.1-SNAPSHOT @ C:\Estudo\Spring-boot-crud-api\pom.xml.
2024-04-03 17:20:56,306 [Worker-30: Building] INFO  o.a.m.s.f.DefaultMavenResourcesFiltering - Copying 0 resource from src\main\resources to target\classes
2024-04-03 17:20:56,314 [Worker-30: Building] INFO  o.a.m.s.f.DefaultMavenResourcesFiltering - skip non existing resourceDirectory C:\Estudo\Spring-boot-crud-api\src\test\resources
2024-04-03 17:21:40,444 [Worker-29: Building] INFO  o.e.m.c.i.l.LifecycleMappingFactory - Using org.eclipse.m2e.jdt.JarLifecycleMapping lifecycle mapping for MavenProject: br.com.springboot:springboot-api:0.0.1-SNAPSHOT @ C:\Estudo\Spring-boot-crud-api\pom.xml.
2024-04-03 17:21:42,241 [Worker-29: Building] INFO  o.a.m.s.f.DefaultMavenResourcesFiltering - Copying 1 resource from src\main\resources to target\classes
2024-04-03 17:21:42,249 [Worker-29: Building] INFO  o.e.m.c.i.embedder.EclipseLogger - Not copying test resources
2024-04-03 17:32:17,514 [Worker-30: Building] INFO  o.a.m.s.f.DefaultMavenResourcesFiltering - Copying 1 resource from src\main\resources to target\classes
2024-04-03 17:32:17,530 [Worker-30: Building] INFO  o.e.m.c.i.embedder.EclipseLogger - Not copying test resources
2024-04-03 17:34:04,154 [Worker-36: Building] INFO  o.a.m.s.f.DefaultMavenResourcesFiltering - Copying 1 resource from src\main\resources to target\classes
2024-04-03 17:34:04,164 [Worker-36: Building] INFO  o.e.m.c.i.embedder.EclipseLogger - Not copying test resources
2024-04-03 17:38:49,063 [Worker-37: Building] INFO  o.a.m.s.f.DefaultMavenResourcesFiltering - Copying 1 resource from src\main\resources to target\classes
2024-04-03 17:38:49,071 [Worker-37: Building] INFO  o.e.m.c.i.embedder.EclipseLogger - Not copying test resources
2024-04-03 17:45:59,122 [Worker-16: Building] INFO  o.a.m.s.f.DefaultMavenResourcesFiltering - Copying 1 resource from src\main\resources to target\classes
2024-04-03 17:45:59,128 [Worker-16: Building] INFO  o.e.m.c.i.embedder.EclipseLogger - Not copying test resources
2024-04-03 17:47:18,615 [Worker-41: Building] INFO  o.a.m.s.f.DefaultMavenResourcesFiltering - Copying 1 resource from src\main\resources to target\classes
2024-04-03 17:47:18,622 [Worker-41: Building] INFO  o.e.m.c.i.embedder.EclipseLogger - Not copying test resources
2024-04-03 17:49:24,254 [Worker-42: Building] INFO  o.a.m.s.f.DefaultMavenResourcesFiltering - Copying 1 resource from src\main\resources to target\classes
2024-04-03 17:49:24,261 [Worker-42: Building] INFO  o.e.m.c.i.embedder.EclipseLogger - Not copying test resources
2024-04-03 17:51:30,293 [Worker-16: Building] INFO  o.a.m.s.f.DefaultMavenResourcesFiltering - Copying 1 resource from src\main\resources to target\classes
2024-04-03 17:51:30,302 [Worker-16: Building] INFO  o.e.m.c.i.embedder.EclipseLogger - Not copying test resources
2024-04-03 17:51:53,131 [Worker-41: Building] INFO  o.a.m.s.f.DefaultMavenResourcesFiltering - Copying 1 resource from src\main\resources to target\classes
2024-04-03 17:51:53,141 [Worker-41: Building] INFO  o.e.m.c.i.embedder.EclipseLogger - Not copying test resources
2024-04-03 17:52:55,346 [Worker-40: Building] INFO  o.a.m.s.f.DefaultMavenResourcesFiltering - Copying 1 resource from src\main\resources to target\classes
2024-04-03 17:52:55,354 [Worker-40: Building] INFO  o.e.m.c.i.embedder.EclipseLogger - Not copying test resources
2024-04-03 17:57:58,794 [Worker-44: Building] INFO  o.a.m.s.f.DefaultMavenResourcesFiltering - Copying 1 resource from src\main\resources to target\classes
2024-04-03 17:57:58,801 [Worker-44: Building] INFO  o.e.m.c.i.embedder.EclipseLogger - Not copying test resources
